[2026-05-10T09:00:00.000Z] Commit #1: chore: initialize next.js 16 frontend workspace
[2026-05-11T01:00:00.000Z] Commit #2: chore: configure next.js build compiler and postcss
[2026-05-11T17:00:00.000Z] Commit #3: chore: add custom tailwind configuration
[2026-05-12T09:00:00.000Z] Commit #4: chore: configure eslint rules for app router
[2026-05-12T15:00:00.000Z] Commit #5: docs: setup frontend dev guides
[2026-05-13T07:00:00.000Z] Commit #6: style: define core design system tokens in css
[2026-05-13T23:00:00.000Z] Commit #7: layout: add base layout metadata and fonts config
[2026-05-14T15:00:00.000Z] Commit #8: assets: import next.js default svg logos
[2026-05-14T21:00:00.000Z] Commit #9: feat: scaffold fastapi backend requirements
[2026-05-15T13:00:00.000Z] Commit #10: feat: add backend configuration module
[2026-05-16T05:00:00.000Z] Commit #11: feat: initialize backend app core folders
[2026-05-16T21:00:00.000Z] Commit #12: feat: setup docker environment for local dev
[2026-05-17T03:00:00.000Z] Commit #13: feat: configure automated github actions validation
[2026-05-17T19:00:00.000Z] Commit #14: feat: create backend container dockerfile
[2026-05-18T11:00:00.000Z] Commit #15: feat: configure frontend production docker container
[2026-05-19T03:00:00.000Z] Commit #16: feat: write backend service entrypoint
[2026-05-19T09:00:00.000Z] Commit #17: feat: configure backend API v1 master router
[2026-05-20T01:00:00.000Z] Commit #18: feat: implement dashboard mock endpoints
[2026-05-20T17:00:00.000Z] Commit #19: feat: implement repository stats endpoint
[2026-05-21T09:00:00.000Z] Commit #20: feat: implement PR review validation analyzer
[2026-05-21T15:00:00.000Z] Commit #21: feat: implement meeting transcript processing
[2026-05-22T07:00:00.000Z] Commit #22: feat: implement XGBoost delay calculator
[2026-05-22T23:00:00.000Z] Commit #23: feat: implement Qdrant search retrieval
[2026-05-23T15:00:00.000Z] Commit #24: feat: implement interactive workspace chat
[2026-05-23T21:00:00.000Z] Commit #25: script: add training datasets download pipeline
[2026-05-24T13:00:00.000Z] Commit #26: script: configure CodeBERT fine-tuning script
[2026-05-25T05:00:00.000Z] Commit #27: layout: draft legacy dashboard sidebar
[2026-05-25T21:00:00.000Z] Commit #28: layout: draft legacy dashboard topbar
[2026-05-26T03:00:00.000Z] Commit #29: layout: mount legacy sidebar in shell
[2026-05-26T19:00:00.000Z] Commit #30: feat: create legacy landing page layout
[2026-05-27T11:00:00.000Z] Commit #31: feat: implement legacy dashboard page
[2026-05-28T03:00:00.000Z] Commit #32: feat: implement legacy repository analysis view
[2026-05-28T09:00:00.000Z] Commit #33: feat: implement legacy code review files diff
[2026-05-29T01:00:00.000Z] Commit #34: feat: implement legacy meeting transcript logs
[2026-05-29T17:00:00.000Z] Commit #35: feat: implement legacy risk radar charts
[2026-05-30T09:00:00.000Z] Commit #36: feat: implement legacy search results layout
[2026-05-30T15:00:00.000Z] Commit #37: feat: implement legacy engineering timeline feed
[2026-05-31T07:00:00.000Z] Commit #38: feat: implement legacy workspace conversational app
[2026-05-31T23:00:00.000Z] Commit #39: docs: add installation instructions in main README
[2026-06-01T15:00:00.000Z] Commit #40: design: update brand design system to blue-only palette
[2026-06-01T21:00:00.000Z] Commit #41: design: design slim left-rail IconRail navigation
[2026-06-02T13:00:00.000Z] Commit #42: design: swap legacy sidebar with new IconRail in shell
[2026-06-03T05:00:00.000Z] Commit #43: design: design new landing page OS promise
[2026-06-03T21:00:00.000Z] Commit #44: design: redesign dashboard home as Ask AI & brief
[2026-06-04T03:00:00.000Z] Commit #45: design: redirect legacy workspace route to home
[2026-06-04T19:00:00.000Z] Commit #46: design: redesign repositories as vertical stories list
[2026-06-05T11:00:00.000Z] Commit #47: design: redesign code reviews as Linear-style task inbox
[2026-06-06T03:00:00.000Z] Commit #48: design: redesign meetings as Notion decision log
[2026-06-06T09:00:00.000Z] Commit #49: design: redesign risk radar as clear text signals
[2026-06-07T01:00:00.000Z] Commit #50: design: redesign search as Perplexity-style interface
[2026-06-07T17:00:00.000Z] Commit #51: refactor: clean up legacy sidebar and topbar components
[2026-06-08T09:00:00.000Z] Commit #52: fix: resolve hydration mismatches on scroll indicator
[2026-06-08T15:00:00.000Z] Commit #53: perf: improve RAG citations loading performance
[2026-06-09T07:00:00.000Z] Commit #54: docs: specify dataset volume schemas in download config
[2026-06-09T23:00:00.000Z] Commit #55: test: expand mock tests verification for endpoint controllers
[2026-06-10T15:00:00.000Z] Commit #56: chore: mask credentials output in active workflow logs
[2026-06-10T21:00:00.000Z] Commit #57: style: refine margin classes on PR inbox details panel
[2026-06-11T13:00:00.000Z] Commit #58: fix: add missing keys to suggested query cards list
[2026-06-12T05:00:00.000Z] Commit #59: docs: update production deployment guidelines
[2026-06-12T21:00:00.000Z] Commit #60: release: v1.0.0 engineering sandbox release
[2026-05-01T09:36:02.241Z] Commit #1: chore: initialize next.js 16 frontend workspace
[2026-05-01T11:15:12.453Z] Commit #2: style: clean up responsive flex classes on sidebar layout
[2026-05-01T17:52:41.157Z] Commit #3: refactor: optimize hook dependence arrays in Ask AI chat view
[2026-05-01T19:41:23.031Z] Commit #4: docs: fix typo in api requirements installation script
[2026-05-02T01:24:23.325Z] Commit #5: test: add mock tests cases mapping for CodeBERT analysis
[2026-05-02T04:25:47.193Z] Commit #6: chore: configure next.js build compiler and postcss
